<?xml version="1.0" encoding="UTF-8"?>
<testng-results ignored="0" total="3" passed="3" failed="0" skipped="0">
  <reporter-output>
  </reporter-output>
  <suite started-at="2024-03-14T22:26:30 IST" name="Default suite" finished-at="2024-03-14T22:30:23 IST" duration-ms="233805">
    <groups>
      <group name="cucumber">
        <method signature="AbstractTestNGCucumberTests.runScenario(io.cucumber.testng.PickleWrapper,io.cucumber.testng.FeatureWrapper)[pri:0, instance:uifeaturesstep.AmazonRunner@6cf0e0ba]" name="runScenario" class="io.cucumber.testng.AbstractTestNGCucumberTests"/>
      </group> <!-- cucumber -->
    </groups>
    <test started-at="2024-03-14T22:26:30 IST" name="Default test" finished-at="2024-03-14T22:30:23 IST" duration-ms="233805">
      <class name="uifeaturesstep.AmazonRunner">
        <test-method is-config="true" signature="setUpClass(org.testng.ITestContext)[pri:0, instance:uifeaturesstep.AmazonRunner@6cf0e0ba]" started-at="2024-03-14T22:26:30 IST" name="setUpClass" finished-at="2024-03-14T22:26:35 IST" duration-ms="5301" status="PASS">
          <params>
            <param index="0">
              <value>
                <![CDATA[org.testng.TestRunner@3050ac2f]]>
              </value>
            </param>
          </params>
          <reporter-output>
          </reporter-output>
        </test-method> <!-- setUpClass -->
        <test-method signature="runScenario(io.cucumber.testng.PickleWrapper,io.cucumber.testng.FeatureWrapper)[pri:0, instance:uifeaturesstep.AmazonRunner@6cf0e0ba]" started-at="2024-03-14T22:26:35 IST" name="runScenario" description="Runs Cucumber Scenarios" data-provider="scenarios" finished-at="2024-03-14T22:28:21 IST" duration-ms="105948" status="PASS">
          <params>
            <param index="0">
              <value>
                <![CDATA["Validate title of page"]]>
              </value>
            </param>
            <param index="1">
              <value>
                <![CDATA["Home Page Functionality"]]>
              </value>
            </param>
          </params>
          <reporter-output>
          </reporter-output>
        </test-method> <!-- runScenario -->
        <test-method signature="runScenario(io.cucumber.testng.PickleWrapper,io.cucumber.testng.FeatureWrapper)[pri:0, instance:uifeaturesstep.AmazonRunner@6cf0e0ba]" started-at="2024-03-14T22:28:21 IST" name="runScenario" description="Runs Cucumber Scenarios" data-provider="scenarios" finished-at="2024-03-14T22:28:59 IST" duration-ms="38128" status="PASS">
          <params>
            <param index="0">
              <value>
                <![CDATA["Validate cart icon"]]>
              </value>
            </param>
            <param index="1">
              <value>
                <![CDATA["Home Page Functionality"]]>
              </value>
            </param>
          </params>
          <reporter-output>
          </reporter-output>
        </test-method> <!-- runScenario -->
        <test-method signature="runScenario(io.cucumber.testng.PickleWrapper,io.cucumber.testng.FeatureWrapper)[pri:0, instance:uifeaturesstep.AmazonRunner@6cf0e0ba]" started-at="2024-03-14T22:28:59 IST" name="runScenario" description="Runs Cucumber Scenarios" data-provider="scenarios" finished-at="2024-03-14T22:30:17 IST" duration-ms="77870" status="PASS">
          <params>
            <param index="0">
              <value>
                <![CDATA["Validate search mobile"]]>
              </value>
            </param>
            <param index="1">
              <value>
                <![CDATA["Home Page Functionality"]]>
              </value>
            </param>
          </params>
          <reporter-output>
          </reporter-output>
        </test-method> <!-- runScenario -->
        <test-method is-config="true" signature="tearDownClass()[pri:0, instance:uifeaturesstep.AmazonRunner@6cf0e0ba]" started-at="2024-03-14T22:30:17 IST" name="tearDownClass" finished-at="2024-03-14T22:30:23 IST" duration-ms="6361" status="PASS">
          <reporter-output>
          </reporter-output>
        </test-method> <!-- tearDownClass -->
      </class> <!-- uifeaturesstep.AmazonRunner -->
    </test> <!-- Default test -->
  </suite> <!-- Default suite -->
</testng-results>
